

=== SENECA FATAL ERROR ===
MESSAGE:  ::: seneca: No matching action pattern found for {}, and no default result provided (using a default$ property).
CODE:     ::: act_not_found
INSTANCE  :::  Seneca/36fr7ajk2yza/1526914388249/39077/3.5.0/account-server&&1001
DETAILS   ::: { args: '{}', plugin: {} }
STACK     :::  Error: seneca: No matching action pattern found for {}, and no default result provided (using a default$ property).
               at errormaker (/Users/wl/Sites/microservice/account-server/node_modules/eraro/eraro.js:108:15)
               at Object.intern.handle_inward_break (/Users/wl/Sites/microservice/account-server/node_modules/seneca/seneca.js:1332:31)
               at Object.intern.execute_action (/Users/wl/Sites/microservice/account-server/node_modules/seneca/seneca.js:1254:12)
               at Object.act_fn [as fn] (/Users/wl/Sites/microservice/account-server/node_modules/seneca/seneca.js:898:18)
               at Immediate.processor [as _onImmediate] (/Users/wl/Sites/microservice/account-server/node_modules/gate-executor/gate-executor.js:136:14)
               at runCallback (timers.js:696:18)
               at tryOnImmediate (timers.js:667:5)
               at processImmediate (timers.js:649:5)
               at process.topLevelDomainCallback (domain.js:121:23)
WHEN      :::  2018-05-21T14:53:13.630Z
LOG       :::  {kind:null,plugin:seneca,tag:3.5.0,id:36fr7ajk2yza/1526914388249/39077/3.5.0/account-server&&1001,code:act_not_
NODE      :::  { http_parser: '2.8.0', node: '10.0.0', v8: '6.6.346.24-node.5', uv: '1.20.2', zlib: '1.2.11', ares: '1.14.0', modules: '64', nghttp2: '1.29.0', napi: '3', openssl: '1.1.0h', icu: '61.1', unicode: '10.0', cldr: '33.0', tz: '2018c' }, { debug: false, uv: true, ipv6: true, tls_alpn: true, tls_sni: true, tls_ocsp: true, tls: true }
PROCESS   :::  pid=39077, arch=x64, platform=darwin, argv=[ '/Users/wl/.nvm/versions/node/v10.0.0/bin/node',  '/Users/wl/.nvm/versions/node/v10.0.0/lib/node_modules/pm2/lib/ProcessContainerFork.js' ]

SENECA TERMINATED at 2018-05-21T14:53:13.638Z. See above for error report.



=== SENECA FATAL ERROR ===
MESSAGE:  ::: seneca: No matching action pattern found for {}, and no default result provided (using a default$ property).
CODE:     ::: act_not_found
INSTANCE  :::  Seneca/r5839txuo5n2/1526914613807/39815/3.5.0/account-server&&1001
DETAILS   ::: { args: '{}', plugin: {} }
STACK     :::  Error: seneca: No matching action pattern found for {}, and no default result provided (using a default$ property).
               at errormaker (/Users/wl/Sites/microservice/account-server/node_modules/eraro/eraro.js:108:15)
               at Object.intern.handle_inward_break (/Users/wl/Sites/microservice/account-server/node_modules/seneca/seneca.js:1332:31)
               at Object.intern.execute_action (/Users/wl/Sites/microservice/account-server/node_modules/seneca/seneca.js:1254:12)
               at Object.act_fn [as fn] (/Users/wl/Sites/microservice/account-server/node_modules/seneca/seneca.js:898:18)
               at Immediate.processor [as _onImmediate] (/Users/wl/Sites/microservice/account-server/node_modules/gate-executor/gate-executor.js:136:14)
               at runCallback (timers.js:696:18)
               at tryOnImmediate (timers.js:667:5)
               at processImmediate (timers.js:649:5)
               at process.topLevelDomainCallback (domain.js:121:23)
WHEN      :::  2018-05-21T14:56:56.070Z
LOG       :::  {kind:null,plugin:seneca,tag:3.5.0,id:r5839txuo5n2/1526914613807/39815/3.5.0/account-server&&1001,code:act_not_
NODE      :::  { http_parser: '2.8.0', node: '10.0.0', v8: '6.6.346.24-node.5', uv: '1.20.2', zlib: '1.2.11', ares: '1.14.0', modules: '64', nghttp2: '1.29.0', napi: '3', openssl: '1.1.0h', icu: '61.1', unicode: '10.0', cldr: '33.0', tz: '2018c' }, { debug: false, uv: true, ipv6: true, tls_alpn: true, tls_sni: true, tls_ocsp: true, tls: true }
PROCESS   :::  pid=39815, arch=x64, platform=darwin, argv=[ '/Users/wl/.nvm/versions/node/v10.0.0/bin/node',  '/Users/wl/.nvm/versions/node/v10.0.0/lib/node_modules/pm2/lib/ProcessContainerFork.js' ]

SENECA TERMINATED at 2018-05-21T14:56:56.077Z. See above for error report.

