One seconds later...user module init completed
{"kind":"notice","notice":"hello seneca 36fr7ajk2yza/1526914388249/39077/3.5.0/account-server&&1001","level":"info","seneca":"36fr7ajk2yza/1526914388249/39077/3.5.0/account-server&&1001","when":1526914389423}
ey65bxiw6l1z
{"err":{},"level":"warn","actid":"inl3bz2vk9m0/ey65bxiw6l1z","plugin_name":"plugin","pattern":"name:plugin,plugin:define,role:seneca,seq:2,tag:undefined","seneca":"36fr7ajk2yza/1526914388249/39077/3.5.0/account-server&&1001","when":1526914393615}
{"notice":"seneca: No matching action pattern found for {}, and no default result provided (using a default$ property).","code":"act_not_found","err":{"eraro":true,"orig":null,"code":"act_not_found","seneca":true,"package":"seneca","msg":"seneca: No matching action pattern found for {}, and no default result provided (using a default$ property).","details":{"args":"{}","plugin":{}},"callpoint":"at Object.intern.handle_inward_break (/Users/wl/Sites/microservice/account-server/node_modules/seneca/seneca.js:1332:31)"},"actid":"inl3bz2vk9m0/ey65bxiw6l1z","msg":{"$target$":"config-server","plugin$":{"name":"plugin","tag":"-","fullname":"plugin"},"fatal$":true,"tx$":"ey65bxiw6l1z"},"meta":{"start":1526914393593,"end":1526914393617,"pattern":null,"action":null,"mi":"gofoiaqxjum3","tx":"ey65bxiw6l1z","id":"gofoiaqxjum3/ey65bxiw6l1z","instance":"36fr7ajk2yza/1526914388249/39077/3.5.0/account-server&&1001","tag":"account-server&&1001","seneca":"3.5.0","version":"0.1.0","gate":false,"fatal":true,"local":false,"timeout":10000,"plugin":{"name":"plugin","tag":"-","fullname":"plugin"},"sync":true,"trace":null,"sub":null,"data":null,"err":null,"err_trace":null,"error":true,"empty":null},"actdef":{},"listen":false,"transport":{},"kind":"act","case":"ERR","duration":24,"level":"error","plugin_name":"plugin","pattern":"name:plugin,plugin:define,role:seneca,seq:2,tag:undefined","seneca":"36fr7ajk2yza/1526914388249/39077/3.5.0/account-server&&1001","when":1526914393618}
[]
{ Error: seneca: No matching action pattern found for {}, and no default result provided (using a default$ property).
    at errormaker (/Users/wl/Sites/microservice/account-server/node_modules/eraro/eraro.js:108:15)
    at Object.intern.handle_inward_break (/Users/wl/Sites/microservice/account-server/node_modules/seneca/seneca.js:1332:31)
    at Object.intern.execute_action (/Users/wl/Sites/microservice/account-server/node_modules/seneca/seneca.js:1254:12)
    at Object.act_fn [as fn] (/Users/wl/Sites/microservice/account-server/node_modules/seneca/seneca.js:898:18)
    at Immediate.processor [as _onImmediate] (/Users/wl/Sites/microservice/account-server/node_modules/gate-executor/gate-executor.js:136:14)
    at runCallback (timers.js:696:18)
    at tryOnImmediate (timers.js:667:5)
    at processImmediate (timers.js:649:5)
    at process.topLevelDomainCallback (domain.js:121:23)
  eraro: true,
  orig: null,
  code: 'act_not_found',
  seneca: true,
  package: 'seneca',
  msg: 'seneca: No matching action pattern found for {}, and no default result provided (using a default$ property).',
  details: { args: '{}', plugin: {} },
  callpoint: 'at Object.intern.handle_inward_break (/Users/wl/Sites/microservice/account-server/node_modules/seneca/seneca.js:1332:31)',
  'fatal$': true }
{ Error: seneca: No matching action pattern found for {}, and no default result provided (using a default$ property).
    at errormaker (/Users/wl/Sites/microservice/account-server/node_modules/eraro/eraro.js:108:15)
    at Object.intern.handle_inward_break (/Users/wl/Sites/microservice/account-server/node_modules/seneca/seneca.js:1332:31)
    at Object.intern.execute_action (/Users/wl/Sites/microservice/account-server/node_modules/seneca/seneca.js:1254:12)
    at Object.act_fn [as fn] (/Users/wl/Sites/microservice/account-server/node_modules/seneca/seneca.js:898:18)
    at Immediate.processor [as _onImmediate] (/Users/wl/Sites/microservice/account-server/node_modules/gate-executor/gate-executor.js:136:14)
    at runCallback (timers.js:696:18)
    at tryOnImmediate (timers.js:667:5)
    at processImmediate (timers.js:649:5)
    at process.topLevelDomainCallback (domain.js:121:23)
  eraro: true,
  orig: null,
  code: 'act_not_found',
  seneca: true,
  package: 'seneca',
  msg: 'seneca: No matching action pattern found for {}, and no default result provided (using a default$ property).',
  details: { args: '{}', plugin: {} },
  callpoint: 'at Object.intern.handle_inward_break (/Users/wl/Sites/microservice/account-server/node_modules/seneca/seneca.js:1332:31)',
  'fatal$': true }
One seconds later...user module init completed
{"kind":"notice","notice":"hello seneca r5839txuo5n2/1526914613807/39815/3.5.0/account-server&&1001","level":"info","seneca":"r5839txuo5n2/1526914613807/39815/3.5.0/account-server&&1001","when":1526914615102}
c9vf0okxyqdd
{"err":{},"level":"warn","actid":"k3pkq9qv2b0e/c9vf0okxyqdd","plugin_name":"plugin","pattern":"name:plugin,plugin:define,role:seneca,seq:2,tag:undefined","seneca":"r5839txuo5n2/1526914613807/39815/3.5.0/account-server&&1001","when":1526914616064}
{"notice":"seneca: No matching action pattern found for {}, and no default result provided (using a default$ property).","code":"act_not_found","err":{"eraro":true,"orig":null,"code":"act_not_found","seneca":true,"package":"seneca","msg":"seneca: No matching action pattern found for {}, and no default result provided (using a default$ property).","details":{"args":"{}","plugin":{}},"callpoint":"at Object.intern.handle_inward_break (/Users/wl/Sites/microservice/account-server/node_modules/seneca/seneca.js:1332:31)"},"actid":"k3pkq9qv2b0e/c9vf0okxyqdd","msg":{"$target$":"config-server","plugin$":{"name":"plugin","tag":"-","fullname":"plugin"},"fatal$":true,"tx$":"c9vf0okxyqdd"},"meta":{"start":1526914616041,"end":1526914616065,"pattern":null,"action":null,"mi":"qzbro1p7cs8u","tx":"c9vf0okxyqdd","id":"qzbro1p7cs8u/c9vf0okxyqdd","instance":"r5839txuo5n2/1526914613807/39815/3.5.0/account-server&&1001","tag":"account-server&&1001","seneca":"3.5.0","version":"0.1.0","gate":false,"fatal":true,"local":false,"timeout":10000,"plugin":{"name":"plugin","tag":"-","fullname":"plugin"},"sync":true,"trace":null,"sub":null,"data":null,"err":null,"err_trace":null,"error":true,"empty":null},"actdef":{},"listen":false,"transport":{},"kind":"act","case":"ERR","duration":24,"level":"error","plugin_name":"plugin","pattern":"name:plugin,plugin:define,role:seneca,seq:2,tag:undefined","seneca":"r5839txuo5n2/1526914613807/39815/3.5.0/account-server&&1001","when":1526914616066}
[]
{ Error: seneca: No matching action pattern found for {}, and no default result provided (using a default$ property).
    at errormaker (/Users/wl/Sites/microservice/account-server/node_modules/eraro/eraro.js:108:15)
    at Object.intern.handle_inward_break (/Users/wl/Sites/microservice/account-server/node_modules/seneca/seneca.js:1332:31)
    at Object.intern.execute_action (/Users/wl/Sites/microservice/account-server/node_modules/seneca/seneca.js:1254:12)
    at Object.act_fn [as fn] (/Users/wl/Sites/microservice/account-server/node_modules/seneca/seneca.js:898:18)
    at Immediate.processor [as _onImmediate] (/Users/wl/Sites/microservice/account-server/node_modules/gate-executor/gate-executor.js:136:14)
    at runCallback (timers.js:696:18)
    at tryOnImmediate (timers.js:667:5)
    at processImmediate (timers.js:649:5)
    at process.topLevelDomainCallback (domain.js:121:23)
  eraro: true,
  orig: null,
  code: 'act_not_found',
  seneca: true,
  package: 'seneca',
  msg: 'seneca: No matching action pattern found for {}, and no default result provided (using a default$ property).',
  details: { args: '{}', plugin: {} },
  callpoint: 'at Object.intern.handle_inward_break (/Users/wl/Sites/microservice/account-server/node_modules/seneca/seneca.js:1332:31)',
  'fatal$': true }
{ Error: seneca: No matching action pattern found for {}, and no default result provided (using a default$ property).
    at errormaker (/Users/wl/Sites/microservice/account-server/node_modules/eraro/eraro.js:108:15)
    at Object.intern.handle_inward_break (/Users/wl/Sites/microservice/account-server/node_modules/seneca/seneca.js:1332:31)
    at Object.intern.execute_action (/Users/wl/Sites/microservice/account-server/node_modules/seneca/seneca.js:1254:12)
    at Object.act_fn [as fn] (/Users/wl/Sites/microservice/account-server/node_modules/seneca/seneca.js:898:18)
    at Immediate.processor [as _onImmediate] (/Users/wl/Sites/microservice/account-server/node_modules/gate-executor/gate-executor.js:136:14)
    at runCallback (timers.js:696:18)
    at tryOnImmediate (timers.js:667:5)
    at processImmediate (timers.js:649:5)
    at process.topLevelDomainCallback (domain.js:121:23)
  eraro: true,
  orig: null,
  code: 'act_not_found',
  seneca: true,
  package: 'seneca',
  msg: 'seneca: No matching action pattern found for {}, and no default result provided (using a default$ property).',
  details: { args: '{}', plugin: {} },
  callpoint: 'at Object.intern.handle_inward_break (/Users/wl/Sites/microservice/account-server/node_modules/seneca/seneca.js:1332:31)',
  'fatal$': true }
